Arguments: 
  /Users/lt/.nvm/versions/node/v12.18.3/bin/node /Users/lt/.yarn/bin/yarn.js

PATH: 
  /usr/local/sbin:/usr/local/bin:/Users/lt/.yarn/bin:/Users/lt/.config/yarn/global/node_modules/.bin:/Users/lt/.nvm/versions/node/v12.18.3/bin:/usr/local/bin:/usr/bin:/bin:/usr/sbin:/sbin:/Library/Apple/usr/bin:/Users/lt/Library/Android/sdk/tools:/Users/lt/Library/Android/sdk/tools/bin:/Users/lt/Library/Android/sdk/platform-tools:/Users/lt/Library/Android/sdk/emulator:/Users/lt/dev/flutter/bin

Yarn version: 
  1.22.5

Node version: 
  12.18.3

Platform: 
  darwin x64

Trace: 
  Error: https://registry.npmjs.org/electron: ESOCKETTIMEDOUT
      at ClientRequest.<anonymous> (/Users/lt/.yarn/lib/cli.js:141376:19)
      at Object.onceWrapper (events.js:421:28)
      at ClientRequest.emit (events.js:315:20)
      at TLSSocket.emitRequestTimeout (_http_client.js:709:9)
      at Object.onceWrapper (events.js:421:28)
      at TLSSocket.emit (events.js:327:22)
      at TLSSocket.Socket._onTimeout (net.js:482:8)
      at listOnTimeout (internal/timers.js:549:17)
      at processTimers (internal/timers.js:492:7)

npm manifest: 
  {
    "name": "electron-quick-start",
    "version": "1.0.0",
    "description": "A minimal Electron application",
    "main": "main.js",
    "scripts": {
      "start": "electron ."
    },
    "repository": "https://github.com/electron/electron-quick-start",
    "keywords": [
      "Electron",
      "quick",
      "start",
      "tutorial",
      "demo"
    ],
    "author": "GitHub",
    "license": "CC0-1.0",
    "devDependencies": {
      "electron": "^11.1.1"
    }
  }

yarn manifest: 
  No manifest

Lockfile: 
  No lockfile
